#
# There is insufficient memory for the Java Runtime Environment to continue.
# Native memory allocation (mmap) failed to map 199229440 bytes for G1 virtual space
# Possible reasons:
#   The system is out of physical RAM or swap space
#   The process is running with CompressedOops enabled, and the Java Heap may be blocking the growth of the native heap
# Possible solutions:
#   Reduce memory load on the system
#   Increase physical memory or swap space
#   Check if swap backing store is full
#   Decrease Java heap size (-Xmx/-Xms)
#   Decrease number of Java threads
#   Decrease Java thread stack sizes (-Xss)
#   Set larger code cache with -XX:ReservedCodeCacheSize=
#   JVM is running with Zero Based Compressed Oops mode in which the Java heap is
#     placed in the first 32GB address space. The Java Heap base address is the
#     maximum limit for the native heap growth. Please use -XX:HeapBaseMinAddress
#     to set the Java Heap base and to place the Java Heap above 32GB virtual address.
# This output file may be truncated or incomplete.
#
#  Out of Memory Error (os_windows.cpp:3613), pid=47200, tid=45904
#
# JRE version:  (17.0.9+8) (build )
# Java VM: OpenJDK 64-Bit Server VM (17.0.9+8-LTS, mixed mode, sharing, tiered, compressed oops, compressed class ptrs, g1 gc, windows-amd64)
# No core dump will be written. Minidumps are not enabled by default on client versions of Windows
#

---------------  S U M M A R Y ------------

Command Line: -javaagent:C:\Program Files\JetBrains\IntelliJ IDEA 2022.1.1\lib\idea_rt.jar=52830:C:\Program Files\JetBrains\IntelliJ IDEA 2022.1.1\bin -Dfile.encoding=UTF-8 Main

Host: Intel(R) Core(TM) i5-10210U CPU @ 1.60GHz, 8 cores, 11G,  Windows 11 , 64 bit Build 22621 (10.0.22621.3085)
Time: Thu Mar 28 19:17:12 2024 Azerbaijan Standard Time elapsed time: 0.012736 seconds (0d 0h 0m 0s)

---------------  T H R E A D  ---------------

Current thread (0x0000015ff3d46bc0):  JavaThread "Unknown thread" [_thread_in_vm, id=45904, stack(0x0000001739000000,0x0000001739100000)]

Stack: [0x0000001739000000,0x0000001739100000]
Native frames: (J=compiled Java code, j=interpreted, Vv=VM code, C=native code)
V  [jvm.dll+0x67cb49]
V  [jvm.dll+0x8344da]
V  [jvm.dll+0x835f9e]
V  [jvm.dll+0x836603]
V  [jvm.dll+0x247b5f]
V  [jvm.dll+0x679969]
V  [jvm.dll+0x66e2ba]
V  [jvm.dll+0x307a5b]
V  [jvm.dll+0x30ef06]
V  [jvm.dll+0x35ecee]
V  [jvm.dll+0x35ef1f]
V  [jvm.dll+0x2de658]
V  [jvm.dll+0x2df5c4]
V  [jvm.dll+0x805d51]
V  [jvm.dll+0x36cb51]
V  [jvm.dll+0x7e47dc]
V  [jvm.dll+0x3f03cf]
V  [jvm.dll+0x3f2001]
C  [jli.dll+0x528f]
C  [ucrtbase.dll+0x29363]
C  [KERNEL32.DLL+0x1257d]
C  [ntdll.dll+0x5aa58]


---------------  P R O C E S S  ---------------

Threads class SMR info:
_java_thread_list=0x00007fffbe96ee98, length=0, elements={
}

Java Threads: ( => current thread )

Other Threads:
  0x0000015ff3d9fd90 GCTaskThread "GC Thread#0" [stack: 0x0000001739100000,0x0000001739200000] [id=29112]
  0x0000015ff3dada70 ConcurrentGCThread "G1 Main Marker" [stack: 0x0000001739200000,0x0000001739300000] [id=27300]
  0x0000015ff3daec30 ConcurrentGCThread "G1 Conc#0" [stack: 0x0000001739300000,0x0000001739400000] [id=39940]

[error occurred during error reporting (printing all threads), id 0xc0000005, EXCEPTION_ACCESS_VIOLATION (0xc0000005) at pc=0x00007fffbe12f097]

VM state: not at safepoint (not fully initialized)

VM Mutex/Monitor currently owned by a thread:  ([mutex/lock_event])
[0x0000015ff3d43b80] Heap_lock - owner thread: 0x0000015ff3d46bc0

Heap address: 0x0000000742800000, size: 3032 MB, Compressed Oops mode: Zero based, Oop shift amount: 3

CDS archive(s) mapped at: [0x0000000000000000-0x0000000000000000-0x0000000000000000), size 0, SharedBaseAddress: 0x0000000800000000, ArchiveRelocationMode: 1.
Narrow klass base: 0x0000000000000000, Narrow klass shift: 0, Narrow klass range: 0x0

GC Precious Log:
<Empty>

Heap:
 garbage-first heap   total 0K, used 0K [0x0000000742800000, 0x0000000800000000)
  region size 2048K, 0 young (0K), 0 survivors (0K)

[error occurred during error reporting (printing heap information), id 0xc0000005, EXCEPTION_ACCESS_VIOLATION (0xc0000005) at pc=0x00007fffbe5168f9]

GC Heap History (0 events):
No events

Dll operation events (1 events):
Event: 0.009 Loaded shared library C:\Users\lenovo\.jdks\corretto-17.0.9\bin\java.dll

Deoptimization events (0 events):
No events

Classes unloaded (0 events):
No events

Classes redefined (0 events):
No events

Internal exceptions (0 events):
No events

VM Operations (0 events):
No events

Events (0 events):
No events


Dynamic libraries:
0x00007ff7d9800000 - 0x00007ff7d980e000 	C:\Users\lenovo\.jdks\corretto-17.0.9\bin\java.exe
0x00007ff842b10000 - 0x00007ff842d27000 	C:\WINDOWS\SYSTEM32\ntdll.dll
0x00007ff841b70000 - 0x00007ff841c34000 	C:\WINDOWS\System32\KERNEL32.DLL
0x00007ff840220000 - 0x00007ff8405c6000 	C:\WINDOWS\System32\KERNELBASE.dll
0x00007ff83ff60000 - 0x00007ff840071000 	C:\WINDOWS\System32\ucrtbase.dll
0x00007ff8388c0000 - 0x00007ff8388d7000 	C:\Users\lenovo\.jdks\corretto-17.0.9\bin\jli.dll
0x00007ff838320000 - 0x00007ff83833b000 	C:\Users\lenovo\.jdks\corretto-17.0.9\bin\VCRUNTIME140.dll
0x00007ff8418b0000 - 0x00007ff841a5e000 	C:\WINDOWS\System32\USER32.dll
0x00007ff8406f0000 - 0x00007ff840716000 	C:\WINDOWS\System32\win32u.dll
0x00007ff82cad0000 - 0x00007ff82cd63000 	C:\WINDOWS\WinSxS\amd64_microsoft.windows.common-controls_6595b64144ccf1df_6.0.22621.2506_none_270c5ae97388e100\COMCTL32.dll
0x00007ff842600000 - 0x00007ff842629000 	C:\WINDOWS\System32\GDI32.dll
0x00007ff841cd0000 - 0x00007ff841d77000 	C:\WINDOWS\System32\msvcrt.dll
0x00007ff8405d0000 - 0x00007ff8406e8000 	C:\WINDOWS\System32\gdi32full.dll
0x00007ff840720000 - 0x00007ff8407ba000 	C:\WINDOWS\System32\msvcp_win.dll
0x00007ff8424b0000 - 0x00007ff8424e1000 	C:\WINDOWS\System32\IMM32.DLL
0x00007ff83a920000 - 0x00007ff83a92c000 	C:\Users\lenovo\.jdks\corretto-17.0.9\bin\vcruntime140_1.dll
0x00007ff81fcb0000 - 0x00007ff81fd3d000 	C:\Users\lenovo\.jdks\corretto-17.0.9\bin\msvcp140.dll
0x00007fffbde40000 - 0x00007fffbeaa1000 	C:\Users\lenovo\.jdks\corretto-17.0.9\bin\server\jvm.dll
0x00007ff841090000 - 0x00007ff841143000 	C:\WINDOWS\System32\ADVAPI32.dll
0x00007ff841e30000 - 0x00007ff841ed8000 	C:\WINDOWS\System32\sechost.dll
0x00007ff840080000 - 0x00007ff8400a8000 	C:\WINDOWS\System32\bcrypt.dll
0x00007ff841740000 - 0x00007ff841857000 	C:\WINDOWS\System32\RPCRT4.dll
0x00007ff83ecb0000 - 0x00007ff83ecfd000 	C:\WINDOWS\SYSTEM32\POWRPROF.dll
0x00007ff8399d0000 - 0x00007ff839a04000 	C:\WINDOWS\SYSTEM32\WINMM.dll
0x00007ff83a2e0000 - 0x00007ff83a2e9000 	C:\WINDOWS\SYSTEM32\WSOCK32.dll
0x00007ff8399a0000 - 0x00007ff8399aa000 	C:\WINDOWS\SYSTEM32\VERSION.dll
0x00007ff841c40000 - 0x00007ff841cb1000 	C:\WINDOWS\System32\WS2_32.dll
0x00007ff83ec90000 - 0x00007ff83eca3000 	C:\WINDOWS\SYSTEM32\UMPDC.dll
0x00007ff83ef50000 - 0x00007ff83ef68000 	C:\WINDOWS\SYSTEM32\kernel.appcore.dll
0x00007ff83a4d0000 - 0x00007ff83a4da000 	C:\Users\lenovo\.jdks\corretto-17.0.9\bin\jimage.dll
0x00007ff838410000 - 0x00007ff838643000 	C:\WINDOWS\SYSTEM32\DBGHELP.DLL
0x00007ff841ee0000 - 0x00007ff842269000 	C:\WINDOWS\System32\combase.dll
0x00007ff842520000 - 0x00007ff8425f7000 	C:\WINDOWS\System32\OLEAUT32.dll
0x00007ff838380000 - 0x00007ff8383b2000 	C:\WINDOWS\SYSTEM32\dbgcore.DLL
0x00007ff83fee0000 - 0x00007ff83ff5a000 	C:\WINDOWS\System32\bcryptPrimitives.dll
0x00007ff83a310000 - 0x00007ff83a31e000 	C:\Users\lenovo\.jdks\corretto-17.0.9\bin\instrument.dll
0x00007ff82d1d0000 - 0x00007ff82d1f5000 	C:\Users\lenovo\.jdks\corretto-17.0.9\bin\java.dll

dbghelp: loaded successfully - version: 4.0.5 - missing functions: none
symbol engine: initialized successfully - sym options: 0x614 - pdb path: .;C:\Users\lenovo\.jdks\corretto-17.0.9\bin;C:\WINDOWS\SYSTEM32;C:\WINDOWS\WinSxS\amd64_microsoft.windows.common-controls_6595b64144ccf1df_6.0.22621.2506_none_270c5ae97388e100;C:\Users\lenovo\.jdks\corretto-17.0.9\bin\server

VM Arguments:
jvm_args: -javaagent:C:\Program Files\JetBrains\IntelliJ IDEA 2022.1.1\lib\idea_rt.jar=52830:C:\Program Files\JetBrains\IntelliJ IDEA 2022.1.1\bin -Dfile.encoding=UTF-8 
java_command: Main
java_class_path (initial): C:\Users\lenovo\IdeaProjects\GarageTasks\out\production\GarageTasks
Launcher Type: SUN_STANDARD

[Global flags]
     intx CICompilerCount                          = 4                                         {product} {ergonomic}
     uint ConcGCThreads                            = 2                                         {product} {ergonomic}
     uint G1ConcRefinementThreads                  = 8                                         {product} {ergonomic}
   size_t G1HeapRegionSize                         = 2097152                                   {product} {ergonomic}
    uintx GCDrainStackTargetSize                   = 64                                        {product} {ergonomic}
   size_t InitialHeapSize                          = 199229440                                 {product} {ergonomic}
   size_t MarkStackSize                            = 4194304                                   {product} {ergonomic}
   size_t MaxHeapSize                              = 3179282432                                {product} {ergonomic}
   size_t MinHeapDeltaBytes                        = 2097152                                   {product} {ergonomic}
   size_t MinHeapSize                              = 8388608                                   {product} {ergonomic}
    uintx NonNMethodCodeHeapSize                   = 5839372                                {pd product} {ergonomic}
    uintx NonProfiledCodeHeapSize                  = 122909434                              {pd product} {ergonomic}
    uintx ProfiledCodeHeapSize                     = 122909434                              {pd product} {ergonomic}
    uintx ReservedCodeCacheSize                    = 251658240                              {pd product} {ergonomic}
     bool SegmentedCodeCache                       = true                                      {product} {ergonomic}
   size_t SoftMaxHeapSize                          = 3179282432                             {manageable} {ergonomic}
     bool UseCompressedClassPointers               = true                           {product lp64_product} {ergonomic}
     bool UseCompressedOops                        = true                           {product lp64_product} {ergonomic}
     bool UseG1GC                                  = true                                      {product} {ergonomic}
     bool UseLargePagesIndividualAllocation        = false                                  {pd product} {ergonomic}

Logging:
Log output configuration:
 #0: stdout all=warning uptime,level,tags
 #1: stderr all=off uptime,level,tags

Environment Variables:
PATH=C:\WINDOWS\system32;C:\WINDOWS;C:\WINDOWS\System32\Wbem;C:\WINDOWS\System32\WindowsPowerShell\v1.0\;C:\WINDOWS\System32\OpenSSH\;C:\Program Files (x86)\dotnet\;C:\Program Files\dotnet\;C:\Program Files\Microsoft SQL Server\150\Tools\Binn\;C:\Program Files\Microsoft SQL Server\Client SDK\ODBC\170\Tools\Binn\;C:\Program Files\Git\cmd;C:\Users\lenovo\AppData\Local\Microsoft\WindowsApps;;C:\Users\lenovo\AppData\Local\Programs\Microsoft VS Code\bin;C:\Users\lenovo\.dotnet\tools
USERNAME=lenovo
OS=Windows_NT
PROCESSOR_IDENTIFIER=Intel64 Family 6 Model 142 Stepping 12, GenuineIntel
TMP=C:\Users\lenovo\AppData\Local\Temp
TEMP=C:\Users\lenovo\AppData\Local\Temp



Periodic native trim disabled


---------------  S Y S T E M  ---------------

OS:
 Windows 11 , 64 bit Build 22621 (10.0.22621.3085)
OS uptime: 37 days 15:43 hours

CPU: total 8 (initial active 8) (4 cores per cpu, 2 threads per core) family 6 model 142 stepping 12 microcode 0xde, cx8, cmov, fxsr, ht, mmx, 3dnowpref, sse, sse2, sse3, ssse3, sse4.1, sse4.2, popcnt, lzcnt, tsc, tscinvbit, avx, avx2, aes, erms, clmul, bmi1, bmi2, adx, fma, vzeroupper, clflush, clflushopt
Processor Information for all 8 processors :
  Max Mhz: 2112, Current Mhz: 1609, Mhz Limit: 1605

Memory: 4k page, system-wide physical 12121M (1464M free)
TotalPageFile size 27260M (AvailPageFile size 193M)
current process WorkingSet (physical memory assigned to process): 11M, peak: 11M
current process commit charge ("private bytes"): 60M, peak: 250M

vm_info: OpenJDK 64-Bit Server VM (17.0.9+8-LTS) for windows-amd64 JRE (17.0.9+8-LTS), built on Oct 12 2023 16:15:33 by "Administrator" with MS VC++ 16.10 / 16.11 (VS2019)

END.
